<?xml version="1.0" encoding="UTF-8"?>
<!-- Generated by org.testng.reporters.JUnitReportReporter -->
<testsuite hostname="DESKTOP-21RNJS1" failures="0" tests="1" name="com.test.minivet.RunCucumberTest" time="16.759" errors="0" timestamp="2023-10-06T16:24:44 IST" skipped="0">
  <testcase classname="com.test.minivet.RunCucumberTest" name="runScenario" time="16.759"/>
  <system-out/>
</testsuite> <!-- com.test.minivet.RunCucumberTest -->
